<?xml version="1.0" encoding="UTF-8"?>
<!-- Generated by org.testng.reporters.JUnitReportReporter -->
<testsuite hostname="THE-HUNTER-PC" failures="0" tests="1" name="testclass.Janasyatest" time="8.777" errors="0" timestamp="2024-11-27T19:05:46 IST" skipped="0">
  <testcase classname="testclass.Janasyatest" name="performs" time="8.777"/>
</testsuite> <!-- testclass.Janasyatest -->
